<?xml version="1.0" encoding="UTF-8"?>
<testng-results skipped="0" failed="0" ignored="0" total="0" passed="0">
  <reporter-output>
  </reporter-output>
  <suite name="com.code.sweets.newyeargift.AppTest" duration-ms="9" started-at="2020-02-08T12:45:29 IST" finished-at="2020-02-08T12:45:29 IST">
    <groups>
    </groups>
    <test name="Command line test" duration-ms="9" started-at="2020-02-08T12:45:29 IST" finished-at="2020-02-08T12:45:29 IST">
    </test> <!-- Command line test -->
  </suite> <!-- com.code.sweets.newyeargift.AppTest -->
</testng-results>
